<?xml version="1.0" encoding="UTF-8"?>
<!-- Generated by org.testng.reporters.JUnitXMLReporter -->
<testsuite ignored="2" hostname="LAPTOP-0AVAR8H5" failures="0" tests="3" name="Test" time="0.093" errors="0" timestamp="2023-08-14T17:17:27 IST">
  <testcase classname="testngprograms.workingwithgroups" name="b" time="0.012"/>
  <testcase classname="testngprograms.workingwithgroups" name="c" time="0.002"/>
  <testcase classname="testngprograms.workingwithgroups" name="e" time="0.002"/>
  <testcase classname="testngprograms.workingwithgroups" name="a" time="0.0">
    <ignored/>
  </testcase> <!-- a -->
  <testcase classname="testngprograms.workingwithgroups" name="d" time="0.0">
    <ignored/>
  </testcase> <!-- d -->
</testsuite> <!-- Test -->
