<?xml version="1.0" encoding="UTF-8"?>
<!-- Generated by org.testng.reporters.JUnitXMLReporter -->
<testsuite ignored="2" hostname="LAPTOP-0AVAR8H5" failures="0" tests="3" name="varun" time="0.061" errors="0" timestamp="2023-08-14T16:57:16 IST">
  <testcase classname="testngprograms.workingwithgroups" name="a" time="0.01"/>
  <testcase classname="testngprograms.workingwithgroups" name="c" time="0.001"/>
  <testcase classname="testngprograms.workingwithgroups" name="e" time="0.002"/>
  <testcase classname="testngprograms.workingwithgroups" name="b" time="0.0">
    <ignored/>
  </testcase> <!-- b -->
  <testcase classname="testngprograms.workingwithgroups" name="d" time="0.0">
    <ignored/>
  </testcase> <!-- d -->
</testsuite> <!-- varun -->
